<?xml version="1.0" encoding="UTF-8"?>
<testng-results ignored="0" total="9" passed="9" failed="0" skipped="0">
  <reporter-output>
  </reporter-output>
  <suite started-at="2026-03-10T13:45:52 ICT" name="Surefire suite" finished-at="2026-03-10T13:46:24 ICT" duration-ms="32703">
    <groups>
    </groups>
    <test started-at="2026-03-10T13:45:52 ICT" name="Surefire test" finished-at="2026-03-10T13:46:24 ICT" duration-ms="32703">
      <class name="dtm.TitleTest">
        <test-method is-config="true" signature="setUp()[pri:0, instance:dtm.TitleTest@7f552bd3]" started-at="2026-03-10T13:46:05 ICT" name="setUp" finished-at="2026-03-10T13:46:07 ICT" duration-ms="2006" status="PASS">
          <reporter-output>
          </reporter-output>
        </test-method> <!-- setUp -->
        <test-method signature="testLoginFormDisplayed()[pri:0, instance:dtm.TitleTest@7f552bd3]" started-at="2026-03-10T13:46:07 ICT" name="testLoginFormDisplayed" description="Kiem tra form login hien thi" finished-at="2026-03-10T13:46:07 ICT" duration-ms="74" status="PASS">
          <reporter-output>
          </reporter-output>
        </test-method> <!-- testLoginFormDisplayed -->
        <test-method is-config="true" signature="tearDown()[pri:0, instance:dtm.TitleTest@7f552bd3]" started-at="2026-03-10T13:46:07 ICT" name="tearDown" finished-at="2026-03-10T13:46:08 ICT" duration-ms="202" status="PASS">
          <reporter-output>
          </reporter-output>
        </test-method> <!-- tearDown -->
        <test-method is-config="true" signature="setUp()[pri:0, instance:dtm.TitleTest@7f552bd3]" started-at="2026-03-10T13:46:08 ICT" name="setUp" finished-at="2026-03-10T13:46:10 ICT" duration-ms="1834" status="PASS">
          <reporter-output>
          </reporter-output>
        </test-method> <!-- setUp -->
        <test-method signature="testPageSource()[pri:0, instance:dtm.TitleTest@7f552bd3]" started-at="2026-03-10T13:46:10 ICT" name="testPageSource" description="Kiem thu page source" finished-at="2026-03-10T13:46:10 ICT" duration-ms="10" status="PASS">
          <reporter-output>
          </reporter-output>
        </test-method> <!-- testPageSource -->
        <test-method is-config="true" signature="tearDown()[pri:0, instance:dtm.TitleTest@7f552bd3]" started-at="2026-03-10T13:46:10 ICT" name="tearDown" finished-at="2026-03-10T13:46:10 ICT" duration-ms="213" status="PASS">
          <reporter-output>
          </reporter-output>
        </test-method> <!-- tearDown -->
        <test-method is-config="true" signature="setUp()[pri:0, instance:dtm.TitleTest@7f552bd3]" started-at="2026-03-10T13:46:10 ICT" name="setUp" finished-at="2026-03-10T13:46:11 ICT" duration-ms="1683" status="PASS">
          <reporter-output>
          </reporter-output>
        </test-method> <!-- setUp -->
        <test-method signature="testTitle()[pri:0, instance:dtm.TitleTest@7f552bd3]" started-at="2026-03-10T13:46:11 ICT" name="testTitle" description="Kiem thu tieu de trang chu" finished-at="2026-03-10T13:46:21 ICT" duration-ms="10030" status="PASS">
          <reporter-output>
          </reporter-output>
        </test-method> <!-- testTitle -->
        <test-method is-config="true" signature="tearDown()[pri:0, instance:dtm.TitleTest@7f552bd3]" started-at="2026-03-10T13:46:21 ICT" name="tearDown" finished-at="2026-03-10T13:46:23 ICT" duration-ms="1108" status="PASS">
          <reporter-output>
          </reporter-output>
        </test-method> <!-- tearDown -->
        <test-method is-config="true" signature="setUp()[pri:0, instance:dtm.TitleTest@7f552bd3]" started-at="2026-03-10T13:46:23 ICT" name="setUp" finished-at="2026-03-10T13:46:24 ICT" duration-ms="1661" status="PASS">
          <reporter-output>
          </reporter-output>
        </test-method> <!-- setUp -->
        <test-method signature="testURL()[pri:0, instance:dtm.TitleTest@7f552bd3]" started-at="2026-03-10T13:46:24 ICT" name="testURL" description="Kiem thu URL trang chu" finished-at="2026-03-10T13:46:24 ICT" duration-ms="11" status="PASS">
          <reporter-output>
          </reporter-output>
        </test-method> <!-- testURL -->
        <test-method is-config="true" signature="tearDown()[pri:0, instance:dtm.TitleTest@7f552bd3]" started-at="2026-03-10T13:46:24 ICT" name="tearDown" finished-at="2026-03-10T13:46:24 ICT" duration-ms="236" status="PASS">
          <reporter-output>
          </reporter-output>
        </test-method> <!-- tearDown -->
      </class> <!-- dtm.TitleTest -->
      <class name="dtm.LoginTest">
        <test-method is-config="true" signature="setUp()[pri:0, instance:dtm.LoginTest@2f112965]" started-at="2026-03-10T13:45:52 ICT" name="setUp" finished-at="2026-03-10T13:45:55 ICT" duration-ms="2981" status="PASS">
          <reporter-output>
          </reporter-output>
        </test-method> <!-- setUp -->
        <test-method signature="testLoginEmptyPassword()[pri:0, instance:dtm.LoginTest@2f112965]" started-at="2026-03-10T13:45:55 ICT" name="testLoginEmptyPassword" description="Bo trong password" finished-at="2026-03-10T13:45:55 ICT" duration-ms="463" status="PASS">
          <reporter-output>
          </reporter-output>
        </test-method> <!-- testLoginEmptyPassword -->
        <test-method is-config="true" signature="tearDown()[pri:0, instance:dtm.LoginTest@2f112965]" started-at="2026-03-10T13:45:55 ICT" name="tearDown" finished-at="2026-03-10T13:45:56 ICT" duration-ms="268" status="PASS">
          <reporter-output>
          </reporter-output>
        </test-method> <!-- tearDown -->
        <test-method is-config="true" signature="setUp()[pri:0, instance:dtm.LoginTest@2f112965]" started-at="2026-03-10T13:45:56 ICT" name="setUp" finished-at="2026-03-10T13:45:57 ICT" duration-ms="1969" status="PASS">
          <reporter-output>
          </reporter-output>
        </test-method> <!-- setUp -->
        <test-method signature="testLoginEmptyUsername()[pri:0, instance:dtm.LoginTest@2f112965]" started-at="2026-03-10T13:45:57 ICT" name="testLoginEmptyUsername" description="Bo trong username" finished-at="2026-03-10T13:45:58 ICT" duration-ms="315" status="PASS">
          <reporter-output>
          </reporter-output>
        </test-method> <!-- testLoginEmptyUsername -->
        <test-method is-config="true" signature="tearDown()[pri:0, instance:dtm.LoginTest@2f112965]" started-at="2026-03-10T13:45:58 ICT" name="tearDown" finished-at="2026-03-10T13:45:58 ICT" duration-ms="213" status="PASS">
          <reporter-output>
          </reporter-output>
        </test-method> <!-- tearDown -->
        <test-method is-config="true" signature="setUp()[pri:0, instance:dtm.LoginTest@2f112965]" started-at="2026-03-10T13:45:58 ICT" name="setUp" finished-at="2026-03-10T13:46:00 ICT" duration-ms="2195" status="PASS">
          <reporter-output>
          </reporter-output>
        </test-method> <!-- setUp -->
        <test-method signature="testLoginLockedUser()[pri:0, instance:dtm.LoginTest@2f112965]" started-at="2026-03-10T13:46:00 ICT" name="testLoginLockedUser" description="Tai khoan bi khoa" finished-at="2026-03-10T13:46:01 ICT" duration-ms="466" status="PASS">
          <reporter-output>
          </reporter-output>
        </test-method> <!-- testLoginLockedUser -->
        <test-method is-config="true" signature="tearDown()[pri:0, instance:dtm.LoginTest@2f112965]" started-at="2026-03-10T13:46:01 ICT" name="tearDown" finished-at="2026-03-10T13:46:01 ICT" duration-ms="161" status="PASS">
          <reporter-output>
          </reporter-output>
        </test-method> <!-- tearDown -->
        <test-method is-config="true" signature="setUp()[pri:0, instance:dtm.LoginTest@2f112965]" started-at="2026-03-10T13:46:01 ICT" name="setUp" finished-at="2026-03-10T13:46:02 ICT" duration-ms="1454" status="PASS">
          <reporter-output>
          </reporter-output>
        </test-method> <!-- setUp -->
        <test-method signature="testLoginSuccess()[pri:0, instance:dtm.LoginTest@2f112965]" started-at="2026-03-10T13:46:02 ICT" name="testLoginSuccess" description="Login thanh cong" finished-at="2026-03-10T13:46:03 ICT" duration-ms="491" status="PASS">
          <reporter-output>
          </reporter-output>
        </test-method> <!-- testLoginSuccess -->
        <test-method is-config="true" signature="tearDown()[pri:0, instance:dtm.LoginTest@2f112965]" started-at="2026-03-10T13:46:03 ICT" name="tearDown" finished-at="2026-03-10T13:46:03 ICT" duration-ms="235" status="PASS">
          <reporter-output>
          </reporter-output>
        </test-method> <!-- tearDown -->
        <test-method is-config="true" signature="setUp()[pri:0, instance:dtm.LoginTest@2f112965]" started-at="2026-03-10T13:46:03 ICT" name="setUp" finished-at="2026-03-10T13:46:05 ICT" duration-ms="1707" status="PASS">
          <reporter-output>
          </reporter-output>
        </test-method> <!-- setUp -->
        <test-method signature="testLoginWrongPassword()[pri:0, instance:dtm.LoginTest@2f112965]" started-at="2026-03-10T13:46:05 ICT" name="testLoginWrongPassword" description="Sai mat khau" finished-at="2026-03-10T13:46:05 ICT" duration-ms="459" status="PASS">
          <reporter-output>
          </reporter-output>
        </test-method> <!-- testLoginWrongPassword -->
        <test-method is-config="true" signature="tearDown()[pri:0, instance:dtm.LoginTest@2f112965]" started-at="2026-03-10T13:46:05 ICT" name="tearDown" finished-at="2026-03-10T13:46:05 ICT" duration-ms="194" status="PASS">
          <reporter-output>
          </reporter-output>
        </test-method> <!-- tearDown -->
      </class> <!-- dtm.LoginTest -->
    </test> <!-- Surefire test -->
  </suite> <!-- Surefire suite -->
</testng-results>
