<?xml version="1.0" encoding="UTF-8"?>
<!-- Generated by org.testng.reporters.JUnitXMLReporter -->
<testsuite ignored="0" hostname="LAPTOP-4LS2G19D" failures="0" tests="7" name="Surefire test" time="7.662" errors="0" timestamp="2026-03-10T18:39:18 ICT">
  <testcase classname="lab6.PhoneValidatorTest" name="testInvalidCharacter" time="0.008"/>
  <testcase classname="lab6.PhoneValidatorTest" name="testInvalidLength" time="0.0"/>
  <testcase classname="lab6.PhoneValidatorTest" name="testInvalidPrefix" time="0.001"/>
  <testcase classname="lab6.PhoneValidatorTest" name="testNullPhone" time="0.001"/>
  <testcase classname="lab6.PhoneValidatorTest" name="testValidPhone0" time="0.0"/>
  <testcase classname="lab6.PhoneValidatorTest" name="testValidPhone84" time="0.0"/>
  <testcase classname="lab6.SeleniumTextBoxWhiteBoxTest" name="testValidInput" time="7.608"/>
</testsuite> <!-- Surefire test -->
