<?xml version="1.0" encoding="UTF-8"?>
<!-- Generated by org.testng.reporters.JUnitXMLReporter -->
<testsuite ignored="0" hostname="LAPTOP-4LS2G19D" failures="1" tests="1" name="Surefire test" time="6.435" errors="0" timestamp="2026-03-17T15:25:57 ICT">
  <testcase classname="tests.SampleTest" name="testFailDemo" time="0.018">
    <failure type="java.lang.AssertionError" message="expected [true] but found [false]">
      <![CDATA[java.lang.AssertionError: expected [true] but found [false]
at tests.SampleTest.testFailDemo(SampleTest.java:11)
at java.base/java.util.ArrayList.forEach(ArrayList.java:1511)
... Removed 36 stack frames]]>
    </failure>
  </testcase> <!-- testFailDemo -->
</testsuite> <!-- Surefire test -->
