<?xml version="1.0" encoding="UTF-8"?>
<testng-results ignored="0" total="7" passed="7" failed="0" skipped="0">
  <reporter-output>
  </reporter-output>
  <suite started-at="2026-03-10T18:39:11 ICT" name="Surefire suite" finished-at="2026-03-10T18:39:18 ICT" duration-ms="7662">
    <groups>
    </groups>
    <test started-at="2026-03-10T18:39:11 ICT" name="Surefire test" finished-at="2026-03-10T18:39:18 ICT" duration-ms="7662">
      <class name="lab6.SeleniumTextBoxWhiteBoxTest">
        <test-method signature="testValidInput()[pri:0, instance:lab6.SeleniumTextBoxWhiteBoxTest@5db250b4]" started-at="2026-03-10T18:39:11 ICT" name="testValidInput" finished-at="2026-03-10T18:39:18 ICT" duration-ms="7608" status="PASS">
          <reporter-output>
          </reporter-output>
        </test-method> <!-- testValidInput -->
      </class> <!-- lab6.SeleniumTextBoxWhiteBoxTest -->
      <class name="lab6.PhoneValidatorTest">
        <test-method signature="testInvalidCharacter()[pri:0, instance:lab6.PhoneValidatorTest@2a32de6c]" started-at="2026-03-10T18:39:11 ICT" name="testInvalidCharacter" finished-at="2026-03-10T18:39:11 ICT" duration-ms="8" status="PASS">
          <reporter-output>
          </reporter-output>
        </test-method> <!-- testInvalidCharacter -->
        <test-method signature="testInvalidLength()[pri:0, instance:lab6.PhoneValidatorTest@2a32de6c]" started-at="2026-03-10T18:39:11 ICT" name="testInvalidLength" finished-at="2026-03-10T18:39:11 ICT" duration-ms="0" status="PASS">
          <reporter-output>
          </reporter-output>
        </test-method> <!-- testInvalidLength -->
        <test-method signature="testInvalidPrefix()[pri:0, instance:lab6.PhoneValidatorTest@2a32de6c]" started-at="2026-03-10T18:39:11 ICT" name="testInvalidPrefix" finished-at="2026-03-10T18:39:11 ICT" duration-ms="1" status="PASS">
          <reporter-output>
          </reporter-output>
        </test-method> <!-- testInvalidPrefix -->
        <test-method signature="testNullPhone()[pri:0, instance:lab6.PhoneValidatorTest@2a32de6c]" started-at="2026-03-10T18:39:11 ICT" name="testNullPhone" finished-at="2026-03-10T18:39:11 ICT" duration-ms="1" status="PASS">
          <reporter-output>
          </reporter-output>
        </test-method> <!-- testNullPhone -->
        <test-method signature="testValidPhone0()[pri:0, instance:lab6.PhoneValidatorTest@2a32de6c]" started-at="2026-03-10T18:39:11 ICT" name="testValidPhone0" finished-at="2026-03-10T18:39:11 ICT" duration-ms="0" status="PASS">
          <reporter-output>
          </reporter-output>
        </test-method> <!-- testValidPhone0 -->
        <test-method signature="testValidPhone84()[pri:0, instance:lab6.PhoneValidatorTest@2a32de6c]" started-at="2026-03-10T18:39:11 ICT" name="testValidPhone84" finished-at="2026-03-10T18:39:11 ICT" duration-ms="0" status="PASS">
          <reporter-output>
          </reporter-output>
        </test-method> <!-- testValidPhone84 -->
      </class> <!-- lab6.PhoneValidatorTest -->
    </test> <!-- Surefire test -->
  </suite> <!-- Surefire suite -->
</testng-results>
