<?xml version="1.0" encoding="UTF-8"?>
<!-- Generated by org.testng.reporters.JUnitReportReporter -->
<testsuite hostname="LAPTOP-4LS2G19D" failures="0" tests="6" name="lab3.XepLoaiTest" time="0.006" errors="0" timestamp="2026-03-10T16:00:28 ICT" skipped="0">
  <testcase classname="lab3.XepLoaiTest" name="TC1_InvalidScore" time="0.002"/>
  <testcase classname="lab3.XepLoaiTest" name="TC2_Gioi" time="0.002"/>
  <testcase classname="lab3.XepLoaiTest" name="TC5_ThiLai" time="0.000"/>
  <testcase classname="lab3.XepLoaiTest" name="TC4_TrungBinh" time="0.001"/>
  <testcase classname="lab3.XepLoaiTest" name="TC3_Kha" time="0.001"/>
  <testcase classname="lab3.XepLoaiTest" name="TC6_YeuHocLai" time="0.000"/>
</testsuite> <!-- lab3.XepLoaiTest -->
