<?xml version="1.0" encoding="UTF-8"?>
<!-- Generated by org.testng.reporters.JUnitReportReporter -->
<testsuite hostname="LAPTOP-4LS2G19D" failures="0" tests="6" name="lab3.TinhTienNuocTest" time="0.030" errors="0" timestamp="2026-03-10T16:00:28 ICT" skipped="0">
  <testcase classname="lab3.TinhTienNuocTest" name="TC1_soAm" time="0.025"/>
  <testcase classname="lab3.TinhTienNuocTest" name="TC5_danCuBac3" time="0.001"/>
  <testcase classname="lab3.TinhTienNuocTest" name="TC4_danCuBac2" time="0.001"/>
  <testcase classname="lab3.TinhTienNuocTest" name="TC6_kinhDoanh" time="0.000"/>
  <testcase classname="lab3.TinhTienNuocTest" name="TC2_hoNgheo" time="0.001"/>
  <testcase classname="lab3.TinhTienNuocTest" name="TC3_danCuBac1" time="0.002"/>
</testsuite> <!-- lab3.TinhTienNuocTest -->
