<?xml version="1.0" encoding="UTF-8"?>
<!-- Generated by org.testng.reporters.JUnitReportReporter -->
<testsuite hostname="LAPTOP-4LS2G19D" failures="0" tests="4" name="api.test.PostApiTest" time="4.816" errors="0" timestamp="2026-03-24T14:13:07 ICT" skipped="0">
  <testcase classname="api.test.PostApiTest" name="testDeletePost" time="0.453"/>
  <testcase classname="api.test.PostApiTest" name="testGetPost" time="0.191"/>
  <testcase classname="api.test.PostApiTest" name="testUpdatePost" time="0.869"/>
  <testcase classname="api.test.PostApiTest" name="testCreatePost" time="3.303"/>
</testsuite> <!-- api.test.PostApiTest -->
