<?xml version="1.0" encoding="UTF-8"?>
<testng-results ignored="0" total="4" passed="4" failed="0" skipped="0">
  <reporter-output>
  </reporter-output>
  <suite started-at="2026-03-24T13:42:56 ICT" name="Surefire suite" finished-at="2026-03-24T13:42:59 ICT" duration-ms="3365">
    <groups>
    </groups>
    <test started-at="2026-03-24T13:42:56 ICT" name="Surefire test" finished-at="2026-03-24T13:42:59 ICT" duration-ms="3365">
      <class name="api.test.UserApiTest">
        <test-method is-config="true" signature="setup()[pri:0, instance:api.test.UserApiTest@769e7ee8]" started-at="2026-03-24T13:42:56 ICT" name="setup" finished-at="2026-03-24T13:42:56 ICT" duration-ms="530" status="PASS">
          <reporter-output>
          </reporter-output>
        </test-method> <!-- setup -->
        <test-method signature="testGetComments()[pri:0, instance:api.test.UserApiTest@769e7ee8]" started-at="2026-03-24T13:42:56 ICT" name="testGetComments" finished-at="2026-03-24T13:42:58 ICT" duration-ms="2090" status="PASS">
          <reporter-output>
          </reporter-output>
        </test-method> <!-- testGetComments -->
        <test-method signature="testGetPostById()[pri:0, instance:api.test.UserApiTest@769e7ee8]" started-at="2026-03-24T13:42:58 ICT" name="testGetPostById" finished-at="2026-03-24T13:42:59 ICT" duration-ms="232" status="PASS">
          <reporter-output>
          </reporter-output>
        </test-method> <!-- testGetPostById -->
        <test-method signature="testGetPosts()[pri:0, instance:api.test.UserApiTest@769e7ee8]" started-at="2026-03-24T13:42:59 ICT" name="testGetPosts" finished-at="2026-03-24T13:42:59 ICT" duration-ms="272" status="PASS">
          <reporter-output>
          </reporter-output>
        </test-method> <!-- testGetPosts -->
        <test-method signature="testNotFound()[pri:0, instance:api.test.UserApiTest@769e7ee8]" started-at="2026-03-24T13:42:59 ICT" name="testNotFound" finished-at="2026-03-24T13:42:59 ICT" duration-ms="192" status="PASS">
          <reporter-output>
          </reporter-output>
        </test-method> <!-- testNotFound -->
      </class> <!-- api.test.UserApiTest -->
    </test> <!-- Surefire test -->
  </suite> <!-- Surefire suite -->
</testng-results>
