<?xml version="1.0" encoding="UTF-8"?>
<!-- Generated by org.testng.reporters.JUnitReportReporter -->
<testsuite hostname="LAPTOP-4LS2G19D" failures="0" tests="4" name="dtm.TitleTest" time="19.068" errors="0" timestamp="2026-03-10T13:46:25 ICT" skipped="0">
  <testcase classname="dtm.TitleTest" name="testLoginFormDisplayed" time="3.016"/>
  <testcase classname="dtm.TitleTest" name="testURL" time="2.219"/>
  <testcase classname="dtm.TitleTest" name="testTitle" time="11.904"/>
  <testcase classname="dtm.TitleTest" name="testPageSource" time="1.929"/>
</testsuite> <!-- dtm.TitleTest -->
