<?xml version="1.0" encoding="UTF-8"?>
<!-- Generated by org.testng.reporters.JUnitReportReporter -->
<testsuite hostname="LAPTOP-4LS2G19D" failures="0" tests="5" name="dtm.LoginTest" time="13.571" errors="0" timestamp="2026-03-10T13:46:25 ICT" skipped="0">
  <testcase classname="dtm.LoginTest" name="testLoginSuccess" time="2.899"/>
  <testcase classname="dtm.LoginTest" name="testLoginEmptyUsername" time="2.290"/>
  <testcase classname="dtm.LoginTest" name="testLoginLockedUser" time="2.670"/>
  <testcase classname="dtm.LoginTest" name="testLoginEmptyPassword" time="2.078"/>
  <testcase classname="dtm.LoginTest" name="testLoginWrongPassword" time="3.634"/>
</testsuite> <!-- dtm.LoginTest -->
