<?xml version="1.0" encoding="UTF-8"?>
<!-- Generated by org.testng.reporters.JUnitXMLReporter -->
<testsuite ignored="0" hostname="LAPTOP-4LS2G19D" failures="5" tests="6" name="Surefire test" time="79.405" errors="0" timestamp="2026-03-03T17:34:36 ICT">
  <testcase classname="dtm.tests.TC_DangNhapTest" name="kiemThuDangNhap" time="11.121"/>
  <testcase classname="dtm.tests.TC_DangNhapTest" name="kiemThuDangNhap" time="11.228">
    <failure type="java.lang.AssertionError" message="Sai thông báo:  expected [true] but found [false]">
      <![CDATA[java.lang.AssertionError: Sai thông báo:  expected [true] but found [false]
at dtm.tests.TC_DangNhapTest.kiemThuDangNhap(TC_DangNhapTest.java:33)
at java.base/java.util.ArrayList.forEach(ArrayList.java:1511)
... Removed 35 stack frames]]>
    </failure>
  </testcase> <!-- kiemThuDangNhap -->
  <testcase classname="dtm.tests.TC_DangNhapTest" name="kiemThuDangNhap" time="11.152">
    <failure type="java.lang.AssertionError" message="Sai thông báo:  expected [true] but found [false]">
      <![CDATA[java.lang.AssertionError: Sai thông báo:  expected [true] but found [false]
at dtm.tests.TC_DangNhapTest.kiemThuDangNhap(TC_DangNhapTest.java:39)
at java.base/java.util.ArrayList.forEach(ArrayList.java:1511)
... Removed 35 stack frames]]>
    </failure>
  </testcase> <!-- kiemThuDangNhap -->
  <testcase classname="dtm.tests.TC_DangNhapTest" name="kiemThuDangNhap" time="11.143">
    <failure type="java.lang.AssertionError" message="Sai thông báo:  expected [true] but found [false]">
      <![CDATA[java.lang.AssertionError: Sai thông báo:  expected [true] but found [false]
at dtm.tests.TC_DangNhapTest.kiemThuDangNhap(TC_DangNhapTest.java:45)
at java.base/java.util.ArrayList.forEach(ArrayList.java:1511)
... Removed 35 stack frames]]>
    </failure>
  </testcase> <!-- kiemThuDangNhap -->
  <testcase classname="dtm.tests.TC_DangNhapTest" name="kiemThuDangNhap" time="11.339">
    <failure type="java.lang.AssertionError" message="Sai thông báo:  expected [true] but found [false]">
      <![CDATA[java.lang.AssertionError: Sai thông báo:  expected [true] but found [false]
at dtm.tests.TC_DangNhapTest.kiemThuDangNhap(TC_DangNhapTest.java:45)
at java.base/java.util.ArrayList.forEach(ArrayList.java:1511)
... Removed 35 stack frames]]>
    </failure>
  </testcase> <!-- kiemThuDangNhap -->
  <testcase classname="dtm.tests.TC_DangNhapTest" name="kiemThuDangNhap" time="10.915">
    <failure type="java.lang.AssertionError" message="Sai thông báo:  expected [true] but found [false]">
      <![CDATA[java.lang.AssertionError: Sai thông báo:  expected [true] but found [false]
at dtm.tests.TC_DangNhapTest.kiemThuDangNhap(TC_DangNhapTest.java:45)
at java.base/java.util.ArrayList.forEach(ArrayList.java:1511)
... Removed 35 stack frames]]>
    </failure>
  </testcase> <!-- kiemThuDangNhap -->
</testsuite> <!-- Surefire test -->
