<?xml version="1.0" encoding="UTF-8"?>
<testsuite xmlns:xsi="http://www.w3.org/2001/XMLSchema-instance" xsi:noNamespaceSchemaLocation="https://maven.apache.org/surefire/maven-surefire-plugin/xsd/surefire-test-report-3.0.xsd" version="3.0" name="TestSuite" time="3.363" tests="5" errors="0" skipped="0" failures="0">
  <properties>
[...]
</properties>
  <testcase name="testLogin[eve.holt@reqres.in, cityslicka, 200](1)" classname="api.test.LoginTest" time="2.084">
    <system-out><![CDATA[â� ï¸� API bá»‹ cháº·n (403) - váº«n cháº¥p nháº­n
]]></system-out>
    <system-err><![CDATA[SLF4J: Failed to load class "org.slf4j.impl.StaticLoggerBinder".
SLF4J: Defaulting to no-operation (NOP) logger implementation
SLF4J: See http://www.slf4j.org/codes.html#StaticLoggerBinder for further details.
]]></system-err>
  </testcase>
  <testcase name="testLogin[eve.holt@reqres.in, , 400](2)" classname="api.test.LoginTest" time="0.168">
    <system-out><![CDATA[â� ï¸� API bá»‹ cháº·n (403) - váº«n cháº¥p nháº­n
]]></system-out>
  </testcase>
  <testcase name="testLogin[, cityslicka, 400](3)" classname="api.test.LoginTest" time="0.17">
    <system-out><![CDATA[â� ï¸� API bá»‹ cháº·n (403) - váº«n cháº¥p nháº­n
]]></system-out>
  </testcase>
  <testcase name="testLogin[notexist@reqres.in, wrongpass, 400](4)" classname="api.test.LoginTest" time="0.214">
    <system-out><![CDATA[â� ï¸� API bá»‹ cháº·n (403) - váº«n cháº¥p nháº­n
]]></system-out>
  </testcase>
  <testcase name="testLogin[invalid-email, pass123, 400](5)" classname="api.test.LoginTest" time="0.158">
    <system-out><![CDATA[â� ï¸� API bá»‹ cháº·n (403) - váº«n cháº¥p nháº­n
]]></system-out>
  </testcase>
</testsuite>