<?xml version="1.0" encoding="UTF-8"?>
<testng-results ignored="0" total="5" passed="5" failed="0" skipped="0">
  <reporter-output>
  </reporter-output>
  <suite started-at="2026-03-24T14:58:55 ICT" name="Surefire suite" finished-at="2026-03-24T14:58:58 ICT" duration-ms="2866">
    <groups>
    </groups>
    <test started-at="2026-03-24T14:58:55 ICT" name="Surefire test" finished-at="2026-03-24T14:58:58 ICT" duration-ms="2866">
      <class name="api.test.LoginTest">
        <test-method signature="testLogin(java.lang.String,java.lang.String,int)[pri:0, instance:api.test.LoginTest@1fe20588]" started-at="2026-03-24T14:58:55 ICT" name="testLogin" data-provider="loginScenarios" finished-at="2026-03-24T14:58:57 ICT" duration-ms="2082" status="PASS">
          <params>
            <param index="0">
              <value>
                <![CDATA[eve.holt@reqres.in]]>
              </value>
            </param>
            <param index="1">
              <value>
                <![CDATA[cityslicka]]>
              </value>
            </param>
            <param index="2">
              <value>
                <![CDATA[200]]>
              </value>
            </param>
          </params>
          <reporter-output>
          </reporter-output>
        </test-method> <!-- testLogin -->
        <test-method signature="testLogin(java.lang.String,java.lang.String,int)[pri:0, instance:api.test.LoginTest@1fe20588]" started-at="2026-03-24T14:58:57 ICT" name="testLogin" data-provider="loginScenarios" finished-at="2026-03-24T14:58:57 ICT" duration-ms="169" status="PASS">
          <params>
            <param index="0">
              <value>
                <![CDATA[eve.holt@reqres.in]]>
              </value>
            </param>
            <param index="1">
              <value>
                <![CDATA[]]>
              </value>
            </param>
            <param index="2">
              <value>
                <![CDATA[400]]>
              </value>
            </param>
          </params>
          <reporter-output>
          </reporter-output>
        </test-method> <!-- testLogin -->
        <test-method signature="testLogin(java.lang.String,java.lang.String,int)[pri:0, instance:api.test.LoginTest@1fe20588]" started-at="2026-03-24T14:58:57 ICT" name="testLogin" data-provider="loginScenarios" finished-at="2026-03-24T14:58:57 ICT" duration-ms="171" status="PASS">
          <params>
            <param index="0">
              <value>
                <![CDATA[]]>
              </value>
            </param>
            <param index="1">
              <value>
                <![CDATA[cityslicka]]>
              </value>
            </param>
            <param index="2">
              <value>
                <![CDATA[400]]>
              </value>
            </param>
          </params>
          <reporter-output>
          </reporter-output>
        </test-method> <!-- testLogin -->
        <test-method signature="testLogin(java.lang.String,java.lang.String,int)[pri:0, instance:api.test.LoginTest@1fe20588]" started-at="2026-03-24T14:58:57 ICT" name="testLogin" data-provider="loginScenarios" finished-at="2026-03-24T14:58:58 ICT" duration-ms="214" status="PASS">
          <params>
            <param index="0">
              <value>
                <![CDATA[notexist@reqres.in]]>
              </value>
            </param>
            <param index="1">
              <value>
                <![CDATA[wrongpass]]>
              </value>
            </param>
            <param index="2">
              <value>
                <![CDATA[400]]>
              </value>
            </param>
          </params>
          <reporter-output>
          </reporter-output>
        </test-method> <!-- testLogin -->
        <test-method signature="testLogin(java.lang.String,java.lang.String,int)[pri:0, instance:api.test.LoginTest@1fe20588]" started-at="2026-03-24T14:58:58 ICT" name="testLogin" data-provider="loginScenarios" finished-at="2026-03-24T14:58:58 ICT" duration-ms="158" status="PASS">
          <params>
            <param index="0">
              <value>
                <![CDATA[invalid-email]]>
              </value>
            </param>
            <param index="1">
              <value>
                <![CDATA[pass123]]>
              </value>
            </param>
            <param index="2">
              <value>
                <![CDATA[400]]>
              </value>
            </param>
          </params>
          <reporter-output>
          </reporter-output>
        </test-method> <!-- testLogin -->
      </class> <!-- api.test.LoginTest -->
    </test> <!-- Surefire test -->
  </suite> <!-- Surefire suite -->
</testng-results>
