<?xml version="1.0" encoding="UTF-8"?>
<!-- Generated by org.testng.reporters.JUnitXMLReporter -->
<testsuite ignored="0" hostname="LAPTOP-4LS2G19D" failures="0" tests="3" name="Surefire test" time="30.695" errors="0" timestamp="2026-03-17T17:38:32 ICT">
  <testcase classname="tests.LoginDDTTest" name="testLogin" time="5.706"/>
  <testcase classname="tests.LoginDDTTest" name="testLogin" time="5.57"/>
  <testcase classname="tests.LoginDDTTest" name="testLogin" time="5.211"/>
</testsuite> <!-- Surefire test -->
