<?xml version="1.0" encoding="UTF-8"?>
<!-- Generated by org.testng.reporters.JUnitXMLReporter -->
<testsuite ignored="0" hostname="LAPTOP-4LS2G19D" failures="0" tests="5" name="Surefire test" time="2.866" errors="0" timestamp="2026-03-24T14:58:58 ICT">
  <testcase classname="api.test.LoginTest" name="testLogin" time="2.082"/>
  <testcase classname="api.test.LoginTest" name="testLogin" time="0.169"/>
  <testcase classname="api.test.LoginTest" name="testLogin" time="0.171"/>
  <testcase classname="api.test.LoginTest" name="testLogin" time="0.214"/>
  <testcase classname="api.test.LoginTest" name="testLogin" time="0.158"/>
</testsuite> <!-- Surefire test -->
