<?xml version="1.0" encoding="UTF-8"?>
<!-- Generated by org.testng.reporters.JUnitXMLReporter -->
<testsuite ignored="0" hostname="LAPTOP-4LS2G19D" failures="0" tests="6" name="Surefire test" time="7.497" errors="0" timestamp="2026-03-24T15:13:06 ICT">
  <testcase classname="api.test.PerformanceTest" name="testMonitoring" time="4.269"/>
  <testcase classname="api.test.PerformanceTest" name="testSLA" time="0.426"/>
  <testcase classname="api.test.PerformanceTest" name="testSLA" time="0.188"/>
  <testcase classname="api.test.PerformanceTest" name="testSLA" time="0.397"/>
  <testcase classname="api.test.PerformanceTest" name="testSLA" time="0.85"/>
  <testcase classname="api.test.PerformanceTest" name="testSLA" time="0.833"/>
</testsuite> <!-- Surefire test -->
