<?xml version="1.0" encoding="UTF-8"?>
<!-- Generated by org.testng.reporters.JUnitReportReporter -->
<testsuite hostname="LAPTOP-4LS2G19D" failures="0" tests="3" name="tests.CartTest" time="22.047" errors="0" timestamp="2026-03-17T15:38:02 ICT" skipped="0">
  <testcase classname="tests.CartTest" name="testEmptyCart" time="8.013"/>
  <testcase classname="tests.CartTest" name="testRemoveItem" time="10.923"/>
  <testcase classname="tests.CartTest" name="testAddItem" time="3.111"/>
</testsuite> <!-- tests.CartTest -->
