<?xml version="1.0" encoding="UTF-8"?>
<!-- Generated by org.testng.reporters.JUnitReportReporter -->
<testsuite hostname="LAPTOP-4LS2G19D" failures="0" tests="3" name="tests.LoginTest" time="17.547" errors="0" timestamp="2026-03-17T15:38:02 ICT" skipped="0">
  <testcase classname="tests.LoginTest" name="testLoginEmpty" time="7.477"/>
  <testcase classname="tests.LoginTest" name="testLoginWrongPassword" time="7.486"/>
  <testcase classname="tests.LoginTest" name="testLoginSuccess" time="2.584"/>
</testsuite> <!-- tests.LoginTest -->
