<?xml version="1.0" encoding="UTF-8"?>
<!-- Generated by org.testng.reporters.JUnitXMLReporter -->
<testsuite ignored="0" hostname="LAPTOP-4LS2G19D" failures="0" tests="4" name="Surefire test" time="3.365" errors="0" timestamp="2026-03-24T13:42:59 ICT">
  <testcase classname="api.test.UserApiTest" name="testGetComments" time="2.09"/>
  <testcase classname="api.test.UserApiTest" name="testGetPostById" time="0.232"/>
  <testcase classname="api.test.UserApiTest" name="testGetPosts" time="0.272"/>
  <testcase classname="api.test.UserApiTest" name="testNotFound" time="0.192"/>
</testsuite> <!-- Surefire test -->
