<?xml version="1.0" encoding="UTF-8"?>
<!-- Generated by org.testng.reporters.JUnitXMLReporter -->
<testsuite ignored="0" hostname="LAPTOP-4LS2G19D" failures="0" tests="5" name="Surefire test" time="0.14" errors="0" timestamp="2026-03-10T18:06:19 ICT">
  <testcase classname="lab5.VayVonMCDCTest" name="testMCDC_AllTrue" time="0.015"/>
  <testcase classname="lab5.VayVonMCDCTest" name="testMCDC_TaiSanDocLap" time="0.001"/>
  <testcase classname="lab5.VayVonMCDCTest" name="testMCDC_ThuNhapDocLap" time="0.001"/>
  <testcase classname="lab5.VayVonMCDCTest" name="testMCDC_TinDungDocLap" time="0.001"/>
  <testcase classname="lab5.VayVonMCDCTest" name="testMCDC_TuoiDocLap" time="0.001"/>
</testsuite> <!-- Surefire test -->
