<?xml version="1.0" encoding="UTF-8"?>
<!-- Generated by org.testng.reporters.JUnitReportReporter -->
<testsuite hostname="LAPTOP-4LS2G19D" failures="0" tests="6" name="api.test.PerformanceTest" time="6.963" errors="0" timestamp="2026-03-24T15:13:08 ICT" skipped="0">
  <testcase classname="api.test.PerformanceTest" name="testSLA" time="0.188"/>
  <testcase classname="api.test.PerformanceTest" name="testSLA" time="0.850"/>
  <testcase classname="api.test.PerformanceTest" name="testSLA" time="0.397"/>
  <testcase classname="api.test.PerformanceTest" name="testMonitoring" time="4.269"/>
  <testcase classname="api.test.PerformanceTest" name="testSLA" time="0.833"/>
  <testcase classname="api.test.PerformanceTest" name="testSLA" time="0.426"/>
</testsuite> <!-- api.test.PerformanceTest -->
