<?xml version="1.0" encoding="UTF-8"?>
<testng-results ignored="0" total="2" passed="2" failed="0" skipped="0">
  <reporter-output>
  </reporter-output>
  <suite started-at="2026-03-10T14:45:34 ICT" name="ParallelSuite" finished-at="2026-03-10T14:45:40 ICT" duration-ms="5665">
    <groups>
    </groups>
    <test started-at="2026-03-10T14:45:34 ICT" name="ParallelTest" finished-at="2026-03-10T14:45:40 ICT" duration-ms="5665">
      <class name="dtm.CartTest">
        <test-method is-config="true" signature="setUp(java.lang.String)[pri:0, instance:dtm.CartTest@1ab3a8c8]" started-at="2026-03-10T14:45:34 ICT" name="setUp" finished-at="2026-03-10T14:45:39 ICT" duration-ms="5042" status="PASS">
          <params>
            <param index="0">
              <value>
                <![CDATA[chrome]]>
              </value>
            </param>
          </params>
          <reporter-output>
          </reporter-output>
        </test-method> <!-- setUp -->
        <test-method signature="cartTest()[pri:0, instance:dtm.CartTest@1ab3a8c8]" started-at="2026-03-10T14:45:39 ICT" name="cartTest" finished-at="2026-03-10T14:45:39 ICT" duration-ms="2" status="PASS">
          <reporter-output>
          </reporter-output>
        </test-method> <!-- cartTest -->
        <test-method is-config="true" signature="tearDown()[pri:0, instance:dtm.CartTest@1ab3a8c8]" started-at="2026-03-10T14:45:39 ICT" name="tearDown" finished-at="2026-03-10T14:45:40 ICT" duration-ms="584" status="PASS">
          <reporter-output>
          </reporter-output>
        </test-method> <!-- tearDown -->
      </class> <!-- dtm.CartTest -->
      <class name="dtm.LoginTest">
        <test-method is-config="true" signature="setUp(java.lang.String)[pri:0, instance:dtm.LoginTest@41e36e46]" started-at="2026-03-10T14:45:34 ICT" name="setUp" finished-at="2026-03-10T14:45:39 ICT" duration-ms="4228" status="PASS">
          <params>
            <param index="0">
              <value>
                <![CDATA[chrome]]>
              </value>
            </param>
          </params>
          <reporter-output>
          </reporter-output>
        </test-method> <!-- setUp -->
        <test-method signature="loginTest()[pri:0, instance:dtm.LoginTest@41e36e46]" started-at="2026-03-10T14:45:39 ICT" name="loginTest" finished-at="2026-03-10T14:45:39 ICT" duration-ms="20" status="PASS">
          <reporter-output>
          </reporter-output>
        </test-method> <!-- loginTest -->
        <test-method is-config="true" signature="tearDown()[pri:0, instance:dtm.LoginTest@41e36e46]" started-at="2026-03-10T14:45:39 ICT" name="tearDown" finished-at="2026-03-10T14:45:39 ICT" duration-ms="578" status="PASS">
          <reporter-output>
          </reporter-output>
        </test-method> <!-- tearDown -->
      </class> <!-- dtm.LoginTest -->
    </test> <!-- ParallelTest -->
  </suite> <!-- ParallelSuite -->
</testng-results>
