<?xml version="1.0" encoding="UTF-8"?>
<!-- Generated by org.testng.reporters.JUnitReportReporter -->
<testsuite hostname="LAPTOP-4LS2G19D" failures="0" tests="8" name="lab4.PhiShipBasisPathTest" time="0.022" errors="0" timestamp="2026-03-10T17:36:35 ICT" skipped="0">
  <testcase classname="lab4.PhiShipBasisPathTest" name="testPath4_NgoaiThanhNhe" time="0.001"/>
  <testcase classname="lab4.PhiShipBasisPathTest" name="testPath2_NoiThanhNheKhongMember" time="0.001"/>
  <testcase classname="lab4.PhiShipBasisPathTest" name="testPath6_TinhKhacNhe" time="0.000"/>
  <testcase classname="lab4.PhiShipBasisPathTest" name="testPath7_TinhKhacNang" time="0.001"/>
  <testcase classname="lab4.PhiShipBasisPathTest" name="testPath1_InvalidWeight" time="0.015"/>
  <testcase classname="lab4.PhiShipBasisPathTest" name="testPath3_NoiThanhNangKhongMember" time="0.002"/>
  <testcase classname="lab4.PhiShipBasisPathTest" name="testPath8_MemberDiscount" time="0.001"/>
  <testcase classname="lab4.PhiShipBasisPathTest" name="testPath5_NgoaiThanhNang" time="0.001"/>
</testsuite> <!-- lab4.PhiShipBasisPathTest -->
