<?xml version="1.0" encoding="UTF-8"?>
<!-- Generated by org.testng.reporters.JUnitReportReporter -->
<testsuite hostname="LAPTOP-4LS2G19D" failures="0" tests="8" name="lab4.TinhPhiShipTest" time="0.004" errors="0" timestamp="2026-03-10T17:36:35 ICT" skipped="0">
  <testcase classname="lab4.TinhPhiShipTest" name="TC5_ngoaiThanh_lonHon3" time="0.000"/>
  <testcase classname="lab4.TinhPhiShipTest" name="TC3_noiThanh_lonHon5" time="0.000"/>
  <testcase classname="lab4.TinhPhiShipTest" name="TC6_tinhKhac" time="0.000"/>
  <testcase classname="lab4.TinhPhiShipTest" name="TC7_tinhKhac_lonHon2" time="0.000"/>
  <testcase classname="lab4.TinhPhiShipTest" name="TC2_noiThanh_nhoHon5" time="0.001"/>
  <testcase classname="lab4.TinhPhiShipTest" name="TC1_invalidWeight" time="0.001"/>
  <testcase classname="lab4.TinhPhiShipTest" name="TC4_ngoaiThanh_nhoHon3" time="0.001"/>
  <testcase classname="lab4.TinhPhiShipTest" name="TC8_member_discount" time="0.001"/>
</testsuite> <!-- lab4.TinhPhiShipTest -->
