<?xml version="1.0" encoding="UTF-8"?>
<!-- Generated by org.testng.reporters.JUnitReportReporter -->
<testsuite hostname="LAPTOP-4LS2G19D" failures="0" tests="6" name="lab6.PhoneValidatorTest" time="0.010" errors="0" timestamp="2026-03-10T18:39:19 ICT" skipped="0">
  <testcase classname="lab6.PhoneValidatorTest" name="testInvalidLength" time="0.000"/>
  <testcase classname="lab6.PhoneValidatorTest" name="testInvalidCharacter" time="0.008"/>
  <testcase classname="lab6.PhoneValidatorTest" name="testValidPhone84" time="0.000"/>
  <testcase classname="lab6.PhoneValidatorTest" name="testInvalidPrefix" time="0.001"/>
  <testcase classname="lab6.PhoneValidatorTest" name="testValidPhone0" time="0.000"/>
  <testcase classname="lab6.PhoneValidatorTest" name="testNullPhone" time="0.001"/>
</testsuite> <!-- lab6.PhoneValidatorTest -->
