<?xml version="1.0" encoding="UTF-8"?>
<!-- Generated by org.testng.reporters.JUnitXMLReporter -->
<testsuite ignored="0" hostname="LAPTOP-4LS2G19D" failures="0" tests="6" name="Surefire test" time="39.657" errors="0" timestamp="2026-03-17T15:38:02 ICT">
  <testcase classname="tests.CartTest" name="testAddItem" time="1.254"/>
  <testcase classname="tests.CartTest" name="testEmptyCart" time="5.877"/>
  <testcase classname="tests.CartTest" name="testRemoveItem" time="6.359"/>
  <testcase classname="tests.LoginTest" name="testLoginEmpty" time="5.663"/>
  <testcase classname="tests.LoginTest" name="testLoginSuccess" time="0.895"/>
  <testcase classname="tests.LoginTest" name="testLoginWrongPassword" time="5.706"/>
</testsuite> <!-- Surefire test -->
