<?xml version="1.0" encoding="UTF-8"?>
<testng-results ignored="0" total="5" passed="5" failed="0" skipped="0">
  <reporter-output>
  </reporter-output>
  <suite started-at="2026-03-10T18:06:19 ICT" name="Surefire suite" finished-at="2026-03-10T18:06:19 ICT" duration-ms="140">
    <groups>
    </groups>
    <test started-at="2026-03-10T18:06:19 ICT" name="Surefire test" finished-at="2026-03-10T18:06:19 ICT" duration-ms="140">
      <class name="lab5.VayVonMCDCTest">
        <test-method signature="testMCDC_AllTrue()[pri:0, instance:lab5.VayVonMCDCTest@55a1c291]" started-at="2026-03-10T18:06:19 ICT" name="testMCDC_AllTrue" description="MC/DC - Tat ca dieu kien dung" finished-at="2026-03-10T18:06:19 ICT" duration-ms="15" status="PASS">
          <reporter-output>
          </reporter-output>
        </test-method> <!-- testMCDC_AllTrue -->
        <test-method signature="testMCDC_TaiSanDocLap()[pri:0, instance:lab5.VayVonMCDCTest@55a1c291]" started-at="2026-03-10T18:06:19 ICT" name="testMCDC_TaiSanDocLap" description="MC/DC - TaiSan doc lap" finished-at="2026-03-10T18:06:19 ICT" duration-ms="1" status="PASS">
          <reporter-output>
          </reporter-output>
        </test-method> <!-- testMCDC_TaiSanDocLap -->
        <test-method signature="testMCDC_ThuNhapDocLap()[pri:0, instance:lab5.VayVonMCDCTest@55a1c291]" started-at="2026-03-10T18:06:19 ICT" name="testMCDC_ThuNhapDocLap" description="MC/DC - ThuNhap doc lap" finished-at="2026-03-10T18:06:19 ICT" duration-ms="1" status="PASS">
          <reporter-output>
          </reporter-output>
        </test-method> <!-- testMCDC_ThuNhapDocLap -->
        <test-method signature="testMCDC_TinDungDocLap()[pri:0, instance:lab5.VayVonMCDCTest@55a1c291]" started-at="2026-03-10T18:06:19 ICT" name="testMCDC_TinDungDocLap" description="MC/DC - TinDung doc lap" finished-at="2026-03-10T18:06:19 ICT" duration-ms="1" status="PASS">
          <reporter-output>
          </reporter-output>
        </test-method> <!-- testMCDC_TinDungDocLap -->
        <test-method signature="testMCDC_TuoiDocLap()[pri:0, instance:lab5.VayVonMCDCTest@55a1c291]" started-at="2026-03-10T18:06:19 ICT" name="testMCDC_TuoiDocLap" description="MC/DC - Tuoi doc lap" finished-at="2026-03-10T18:06:19 ICT" duration-ms="1" status="PASS">
          <reporter-output>
          </reporter-output>
        </test-method> <!-- testMCDC_TuoiDocLap -->
      </class> <!-- lab5.VayVonMCDCTest -->
    </test> <!-- Surefire test -->
  </suite> <!-- Surefire suite -->
</testng-results>
