<?xml version="1.0" encoding="UTF-8"?>
<!-- Generated by org.testng.reporters.JUnitXMLReporter -->
<testsuite ignored="0" hostname="LAPTOP-4LS2G19D" failures="0" tests="12" name="Surefire test" time="0.12" errors="0" timestamp="2026-03-10T16:00:28 ICT">
  <testcase classname="lab3.TinhTienNuocTest" name="TC1_soAm" time="0.025"/>
  <testcase classname="lab3.TinhTienNuocTest" name="TC2_hoNgheo" time="0.001"/>
  <testcase classname="lab3.TinhTienNuocTest" name="TC3_danCuBac1" time="0.002"/>
  <testcase classname="lab3.TinhTienNuocTest" name="TC4_danCuBac2" time="0.001"/>
  <testcase classname="lab3.TinhTienNuocTest" name="TC5_danCuBac3" time="0.001"/>
  <testcase classname="lab3.TinhTienNuocTest" name="TC6_kinhDoanh" time="0.0"/>
  <testcase classname="lab3.XepLoaiTest" name="TC1_InvalidScore" time="0.002"/>
  <testcase classname="lab3.XepLoaiTest" name="TC2_Gioi" time="0.002"/>
  <testcase classname="lab3.XepLoaiTest" name="TC3_Kha" time="0.001"/>
  <testcase classname="lab3.XepLoaiTest" name="TC4_TrungBinh" time="0.001"/>
  <testcase classname="lab3.XepLoaiTest" name="TC5_ThiLai" time="0.0"/>
  <testcase classname="lab3.XepLoaiTest" name="TC6_YeuHocLai" time="0.0"/>
</testsuite> <!-- Surefire test -->
