<?xml version="1.0" encoding="UTF-8"?>
<!-- Generated by org.testng.reporters.JUnitXMLReporter -->
<testsuite ignored="0" hostname="LAPTOP-4LS2G19D" failures="0" tests="3" name="Test" time="0.046" errors="0" timestamp="2026-03-17T19:43:17 ICT">
  <testcase classname="FlakySimulationTest" name="testFlakyScenario" time="0.007">
    <skipped/>
  </testcase> <!-- testFlakyScenario -->
  <testcase classname="FlakySimulationTest" name="testFlakyScenario" time="0.001">
    <skipped/>
  </testcase> <!-- testFlakyScenario -->
  <testcase classname="FlakySimulationTest" name="testFlakyScenario" time="0.001"/>
</testsuite> <!-- Test -->
