<?xml version="1.0" encoding="UTF-8"?>
<!-- Generated by org.testng.reporters.JUnitXMLReporter -->
<testsuite ignored="0" hostname="LAPTOP-4LS2G19D" failures="0" tests="2" name="Surefire test" time="5.053" errors="0" timestamp="2026-03-24T15:22:52 ICT">
  <testcase classname="test.IntegrationTest" name="@BeforeMethod loginApi" time="0.286">
    <skipped/>
  </testcase> <!-- @BeforeMethod loginApi -->
  <testcase classname="test.IntegrationTest" name="@BeforeMethod loginApi" time="0.0">
    <skipped/>
  </testcase> <!-- @BeforeMethod loginApi -->
  <testcase classname="test.IntegrationTest" name="testFullFlow" time="0.002">
    <skipped/>
  </testcase> <!-- testFullFlow -->
  <testcase classname="test.IntegrationTest" name="testLoginUI" time="0.0">
    <skipped/>
  </testcase> <!-- testLoginUI -->
</testsuite> <!-- Surefire test -->
