<?xml version="1.0" encoding="UTF-8"?>
<testsuite xmlns:xsi="http://www.w3.org/2001/XMLSchema-instance" xsi:noNamespaceSchemaLocation="https://maven.apache.org/surefire/maven-surefire-plugin/xsd/surefire-test-report-3.0.xsd" version="3.0" name="TestSuite" time="0.58" tests="3" errors="0" skipped="2" failures="0">
  <properties>
[...]
</properties>
  <testcase name="testFlakyScenario" classname="FlakySimulationTest" time="0.0">
    <skipped message="Fail lan 1"/>
    <system-out><![CDATA[[FlakyTest] Lan: 1
[Retry] Lan 1
]]></system-out>
    <system-err><![CDATA[SLF4J: Failed to load class "org.slf4j.impl.StaticLoggerBinder".
SLF4J: Defaulting to no-operation (NOP) logger implementation
SLF4J: See http://www.slf4j.org/codes.html#StaticLoggerBinder for further details.
]]></system-err>
  </testcase>
  <testcase name="testFlakyScenario" classname="FlakySimulationTest" time="0.0">
    <skipped message="Fail lan 2"/>
    <system-out><![CDATA[[FlakyTest] Lan: 2
[Retry] Lan 2
]]></system-out>
  </testcase>
  <testcase name="testFlakyScenario" classname="FlakySimulationTest" time="0.001">
    <system-out><![CDATA[[FlakyTest] Lan: 3
]]></system-out>
  </testcase>
</testsuite>