<?xml version="1.0" encoding="UTF-8"?>
<!-- Generated by org.testng.reporters.JUnitReportReporter -->
<testsuite hostname="LAPTOP-4LS2G19D" failures="0" tests="5" name="api.test.LoginTest" time="2.794" errors="0" timestamp="2026-03-24T14:58:58 ICT" skipped="0">
  <testcase classname="api.test.LoginTest" name="testLogin" time="0.169"/>
  <testcase classname="api.test.LoginTest" name="testLogin" time="0.214"/>
  <testcase classname="api.test.LoginTest" name="testLogin" time="0.158"/>
  <testcase classname="api.test.LoginTest" name="testLogin" time="0.171"/>
  <testcase classname="api.test.LoginTest" name="testLogin" time="2.082"/>
</testsuite> <!-- api.test.LoginTest -->
