<?xml version="1.0" encoding="UTF-8"?>
<!-- Generated by org.testng.reporters.JUnitReportReporter -->
<testsuite hostname="LAPTOP-4LS2G19D" failures="0" tests="2" name="test.IntegrationTest" time="0.002" errors="0" timestamp="2026-03-24T15:22:52 ICT" skipped="2">
  <testcase classname="test.IntegrationTest" name="testFullFlow" time="0.002">
    <skipped/>
  </testcase> <!-- testFullFlow -->
  <testcase classname="test.IntegrationTest" name="testLoginUI" time="0.000">
    <skipped/>
  </testcase> <!-- testLoginUI -->
</testsuite> <!-- test.IntegrationTest -->
