<?xml version="1.0" encoding="UTF-8"?>
<!-- Generated by org.testng.reporters.JUnitXMLReporter -->
<testsuite ignored="0" hostname="LAPTOP-4LS2G19D" failures="0" tests="16" name="Surefire test" time="0.137" errors="0" timestamp="2026-03-10T17:36:35 ICT">
  <testcase classname="lab4.PhiShipBasisPathTest" name="testPath1_InvalidWeight" time="0.015"/>
  <testcase classname="lab4.PhiShipBasisPathTest" name="testPath2_NoiThanhNheKhongMember" time="0.001"/>
  <testcase classname="lab4.PhiShipBasisPathTest" name="testPath3_NoiThanhNangKhongMember" time="0.002"/>
  <testcase classname="lab4.PhiShipBasisPathTest" name="testPath4_NgoaiThanhNhe" time="0.001"/>
  <testcase classname="lab4.PhiShipBasisPathTest" name="testPath5_NgoaiThanhNang" time="0.001"/>
  <testcase classname="lab4.PhiShipBasisPathTest" name="testPath6_TinhKhacNhe" time="0.0"/>
  <testcase classname="lab4.PhiShipBasisPathTest" name="testPath7_TinhKhacNang" time="0.001"/>
  <testcase classname="lab4.PhiShipBasisPathTest" name="testPath8_MemberDiscount" time="0.001"/>
  <testcase classname="lab4.TinhPhiShipTest" name="TC1_invalidWeight" time="0.001"/>
  <testcase classname="lab4.TinhPhiShipTest" name="TC2_noiThanh_nhoHon5" time="0.001"/>
  <testcase classname="lab4.TinhPhiShipTest" name="TC3_noiThanh_lonHon5" time="0.0"/>
  <testcase classname="lab4.TinhPhiShipTest" name="TC4_ngoaiThanh_nhoHon3" time="0.001"/>
  <testcase classname="lab4.TinhPhiShipTest" name="TC5_ngoaiThanh_lonHon3" time="0.0"/>
  <testcase classname="lab4.TinhPhiShipTest" name="TC6_tinhKhac" time="0.0"/>
  <testcase classname="lab4.TinhPhiShipTest" name="TC7_tinhKhac_lonHon2" time="0.0"/>
  <testcase classname="lab4.TinhPhiShipTest" name="TC8_member_discount" time="0.001"/>
</testsuite> <!-- Surefire test -->
