<?xml version="1.0" encoding="UTF-8"?>
<!-- Generated by org.testng.reporters.JUnitReportReporter -->
<testsuite hostname="LAPTOP-4LS2G19D" failures="0" tests="4" name="api.test.UserApiTest" time="2.786" errors="0" timestamp="2026-03-24T13:42:59 ICT" skipped="0">
  <testcase classname="api.test.UserApiTest" name="testGetPosts" time="0.272"/>
  <testcase classname="api.test.UserApiTest" name="testGetPostById" time="0.232"/>
  <testcase classname="api.test.UserApiTest" name="testNotFound" time="0.192"/>
  <testcase classname="api.test.UserApiTest" name="testGetComments" time="2.090"/>
</testsuite> <!-- api.test.UserApiTest -->
