<?xml version="1.0" encoding="UTF-8"?>
<testsuite xmlns:xsi="http://www.w3.org/2001/XMLSchema-instance" xsi:noNamespaceSchemaLocation="https://maven.apache.org/surefire/maven-surefire-plugin/xsd/surefire-test-report-3.0.xsd" version="3.0" name="TestSuite" time="0.77" tests="16" errors="0" skipped="0" failures="0">
  <properties>
[...]
</properties>
  <testcase name="testPath1_InvalidWeight" classname="lab4.PhiShipBasisPathTest" time="0.013">
    <system-err><![CDATA[SLF4J: Failed to load class "org.slf4j.impl.StaticLoggerBinder".
SLF4J: Defaulting to no-operation (NOP) logger implementation
SLF4J: See http://www.slf4j.org/codes.html#StaticLoggerBinder for further details.
]]></system-err>
  </testcase>
  <testcase name="testPath2_NoiThanhNheKhongMember" classname="lab4.PhiShipBasisPathTest" time="0.0"/>
  <testcase name="testPath3_NoiThanhNangKhongMember" classname="lab4.PhiShipBasisPathTest" time="0.001"/>
  <testcase name="testPath4_NgoaiThanhNhe" classname="lab4.PhiShipBasisPathTest" time="0.001"/>
  <testcase name="testPath5_NgoaiThanhNang" classname="lab4.PhiShipBasisPathTest" time="0.001"/>
  <testcase name="testPath6_TinhKhacNhe" classname="lab4.PhiShipBasisPathTest" time="0.0"/>
  <testcase name="testPath7_TinhKhacNang" classname="lab4.PhiShipBasisPathTest" time="0.0"/>
  <testcase name="testPath8_MemberDiscount" classname="lab4.PhiShipBasisPathTest" time="0.0"/>
  <testcase name="TC1_invalidWeight" classname="lab4.TinhPhiShipTest" time="0.001"/>
  <testcase name="TC2_noiThanh_nhoHon5" classname="lab4.TinhPhiShipTest" time="0.0"/>
  <testcase name="TC3_noiThanh_lonHon5" classname="lab4.TinhPhiShipTest" time="0.0"/>
  <testcase name="TC4_ngoaiThanh_nhoHon3" classname="lab4.TinhPhiShipTest" time="0.001"/>
  <testcase name="TC5_ngoaiThanh_lonHon3" classname="lab4.TinhPhiShipTest" time="0.0"/>
  <testcase name="TC6_tinhKhac" classname="lab4.TinhPhiShipTest" time="0.0"/>
  <testcase name="TC7_tinhKhac_lonHon2" classname="lab4.TinhPhiShipTest" time="0.0"/>
  <testcase name="TC8_member_discount" classname="lab4.TinhPhiShipTest" time="0.0"/>
</testsuite>