<?xml version="1.0" encoding="UTF-8"?>
<!-- Generated by org.testng.reporters.JUnitXMLReporter -->
<testsuite ignored="0" hostname="LAPTOP-4LS2G19D" failures="0" tests="4" name="Surefire test" time="11.469" errors="0" timestamp="2026-03-17T20:04:40 ICT">
  <testcase classname="DemoTest" name="testLogin" time="1.422"/>
  <testcase classname="DemoTest" name="testLogin" time="0.963"/>
  <testcase classname="LoginTest" name="testLogin" time="1.086"/>
  <testcase classname="LoginTest" name="testLogin" time="1.045"/>
</testsuite> <!-- Surefire test -->
