<?xml version="1.0" encoding="UTF-8"?>
<!-- Generated by org.testng.reporters.JUnitXMLReporter -->
<testsuite ignored="0" hostname="LAPTOP-4LS2G19D" failures="0" tests="9" name="Surefire test" time="32.703" errors="0" timestamp="2026-03-10T13:46:25 ICT">
  <testcase classname="dtm.LoginTest" name="testLoginEmptyPassword" time="0.463"/>
  <testcase classname="dtm.LoginTest" name="testLoginEmptyUsername" time="0.315"/>
  <testcase classname="dtm.LoginTest" name="testLoginLockedUser" time="0.466"/>
  <testcase classname="dtm.LoginTest" name="testLoginSuccess" time="0.491"/>
  <testcase classname="dtm.LoginTest" name="testLoginWrongPassword" time="0.459"/>
  <testcase classname="dtm.TitleTest" name="testLoginFormDisplayed" time="0.074"/>
  <testcase classname="dtm.TitleTest" name="testPageSource" time="0.01"/>
  <testcase classname="dtm.TitleTest" name="testTitle" time="10.03"/>
  <testcase classname="dtm.TitleTest" name="testURL" time="0.011"/>
</testsuite> <!-- Surefire test -->
