<?xml version="1.0" encoding="UTF-8"?>
<!-- Generated by org.testng.reporters.JUnitReportReporter -->
<testsuite hostname="LAPTOP-4LS2G19D" failures="0" tests="3" name="tests.LoginDDTTest" time="29.708" errors="0" timestamp="2026-03-17T17:38:32 ICT" skipped="0">
  <testcase classname="tests.LoginDDTTest" name="testLogin" time="14.611"/>
  <testcase classname="tests.LoginDDTTest" name="testLogin" time="7.062"/>
  <testcase classname="tests.LoginDDTTest" name="testLogin" time="8.035"/>
</testsuite> <!-- tests.LoginDDTTest -->
