<?xml version="1.0" encoding="UTF-8"?>
<testng-results ignored="0" total="1" passed="1" failed="0" skipped="0">
  <reporter-output>
  </reporter-output>
  <suite started-at="2026-03-03T15:57:15 ICT" name="Lab7Suite" finished-at="2026-03-03T15:57:22 ICT" duration-ms="7213">
    <groups>
    </groups>
    <test started-at="2026-03-03T15:57:15 ICT" name="AllTests" finished-at="2026-03-03T15:57:22 ICT" duration-ms="7213">
      <class name="dtm.tests.SampleTest">
        <test-method is-config="true" signature="setUp()[pri:0, instance:dtm.tests.SampleTest@2ef3eef9]" started-at="2026-03-03T15:57:15 ICT" name="setUp" finished-at="2026-03-03T15:57:21 ICT" duration-ms="5998" status="PASS">
          <reporter-output>
          </reporter-output>
        </test-method> <!-- setUp -->
        <test-method signature="openGoogle()[pri:0, instance:dtm.tests.SampleTest@2ef3eef9]" started-at="2026-03-03T15:57:21 ICT" name="openGoogle" finished-at="2026-03-03T15:57:21 ICT" duration-ms="804" status="PASS">
          <reporter-output>
          </reporter-output>
        </test-method> <!-- openGoogle -->
        <test-method is-config="true" signature="tearDown()[pri:0, instance:dtm.tests.SampleTest@2ef3eef9]" started-at="2026-03-03T15:57:21 ICT" name="tearDown" finished-at="2026-03-03T15:57:22 ICT" duration-ms="372" status="PASS">
          <reporter-output>
          </reporter-output>
        </test-method> <!-- tearDown -->
      </class> <!-- dtm.tests.SampleTest -->
    </test> <!-- AllTests -->
  </suite> <!-- Lab7Suite -->
</testng-results>
